
*** Running vivado
    with args -log bd_8x8_bram_auto_pc_1.vds -m64 -product Vivado -mode batch -messageDb vivado.pb -notrace -source bd_8x8_bram_auto_pc_1.tcl


****** Vivado v2023.2 (64-bit)
  **** SW Build 4029153 on Fri Oct 13 20:13:54 MDT 2023
  **** IP Build 4028589 on Sat Oct 14 00:45:43 MDT 2023
  **** SharedData Build 4025554 on Tue Oct 10 17:18:54 MDT 2023
    ** Copyright 1986-2022 Xilinx, Inc. All Rights Reserved.
    ** Copyright 2022-2023 Advanced Micro Devices, Inc. All Rights Reserved.

source bd_8x8_bram_auto_pc_1.tcl -notrace
create_project: Time (s): cpu = 00:00:06 ; elapsed = 00:00:06 . Memory (MB): peak = 1333.676 ; gain = 0.023 ; free physical = 3762 ; free virtual = 9763
INFO: [IP_Flow 19-234] Refreshing IP repositories
INFO: [IP_Flow 19-1700] Loaded user IP repository '/home/ulisses/Projects/nn-apsoc-sa/exp_studies/ulisses/ursa/vivado_project/v2_automated_flow/ip'.
INFO: [IP_Flow 19-2313] Loaded Vivado IP repository '/opt/Xilinx/Vivado/2023.2/data/ip'.
WARNING: [IP_Flow 19-1663] Duplicate IP found for 'xilinx.com:hls:mxm_execute_ursa:1.0'. The one found in IP location '/home/ulisses/Projects/nn-apsoc-sa/exp_studies/ulisses/ursa/vivado_project/v2_automated_flow/ip/ursa_16x16' will take precedence over the same IP in locations: 
   /home/ulisses/Projects/nn-apsoc-sa/exp_studies/ulisses/ursa/vivado_project/v2_automated_flow/ip/ursa_8x8
   /home/ulisses/Projects/nn-apsoc-sa/exp_studies/ulisses/ursa/vivado_project/v2_automated_flow/ip/ursa_4x4
INFO: [IP_Flow 19-6924] IPCACHE: Running cache check for IP inst: bd_8x8_bram_auto_pc_1
INFO: [IP_Flow 19-6922] IPCACHE: Exporting cached entry f6ae407b5d37ac42 to dir: /home/ulisses/Projects/nn-apsoc-sa/exp_studies/ulisses/ursa/vivado_project/v2_automated_flow/ursa.runs/bd_8x8_bram_auto_pc_1_synth_1
INFO: [IP_Flow 19-6928] IPCACHE: copied cached file /home/ulisses/Projects/nn-apsoc-sa/exp_studies/ulisses/ursa/vivado_project/v2_automated_flow/ursa.cache/ip/2023.2/f/6/f6ae407b5d37ac42/bd_8x8_bram_auto_pc_0_stub.vhdl to /home/ulisses/Projects/nn-apsoc-sa/exp_studies/ulisses/ursa/vivado_project/v2_automated_flow/ursa.runs/bd_8x8_bram_auto_pc_1_synth_1/bd_8x8_bram_auto_pc_1_stub.vhdl.
INFO: [IP_Flow 19-6928] IPCACHE: copied cached file /home/ulisses/Projects/nn-apsoc-sa/exp_studies/ulisses/ursa/vivado_project/v2_automated_flow/ursa.cache/ip/2023.2/f/6/f6ae407b5d37ac42/bd_8x8_bram_auto_pc_0_sim_netlist.v to /home/ulisses/Projects/nn-apsoc-sa/exp_studies/ulisses/ursa/vivado_project/v2_automated_flow/ursa.runs/bd_8x8_bram_auto_pc_1_synth_1/bd_8x8_bram_auto_pc_1_sim_netlist.v.
INFO: [IP_Flow 19-6928] IPCACHE: copied cached file /home/ulisses/Projects/nn-apsoc-sa/exp_studies/ulisses/ursa/vivado_project/v2_automated_flow/ursa.cache/ip/2023.2/f/6/f6ae407b5d37ac42/bd_8x8_bram_auto_pc_0_sim_netlist.vhdl to /home/ulisses/Projects/nn-apsoc-sa/exp_studies/ulisses/ursa/vivado_project/v2_automated_flow/ursa.runs/bd_8x8_bram_auto_pc_1_synth_1/bd_8x8_bram_auto_pc_1_sim_netlist.vhdl.
INFO: [IP_Flow 19-6928] IPCACHE: copied cached file /home/ulisses/Projects/nn-apsoc-sa/exp_studies/ulisses/ursa/vivado_project/v2_automated_flow/ursa.cache/ip/2023.2/f/6/f6ae407b5d37ac42/bd_8x8_bram_auto_pc_0_stub.v to /home/ulisses/Projects/nn-apsoc-sa/exp_studies/ulisses/ursa/vivado_project/v2_automated_flow/ursa.runs/bd_8x8_bram_auto_pc_1_synth_1/bd_8x8_bram_auto_pc_1_stub.v.
INFO: [IP_Flow 19-6928] IPCACHE: copied cached file /home/ulisses/Projects/nn-apsoc-sa/exp_studies/ulisses/ursa/vivado_project/v2_automated_flow/ursa.cache/ip/2023.2/f/6/f6ae407b5d37ac42/bd_8x8_bram_auto_pc_0.dcp to /home/ulisses/Projects/nn-apsoc-sa/exp_studies/ulisses/ursa/vivado_project/v2_automated_flow/ursa.runs/bd_8x8_bram_auto_pc_1_synth_1/bd_8x8_bram_auto_pc_1.dcp.
INFO: [IP_Flow 19-4838] Using cached IP synthesis design for IP bd_8x8_bram_auto_pc_1, cache-ID = f6ae407b5d37ac42.
INFO: [Common 17-206] Exiting Vivado at Thu Aug  7 21:28:55 2025...
